6/5/2021, 7:55:55 pm [::1] (POST) /signup
  {"Email":"soumalyabhattacharya6@gmail.com","Name":"Soumalya Bhattacharya","Role":"Individual","Password":"QsCAzX@#$%24680"}
6/5/2021, 7:57:18 pm [::1] (POST) /signup
  {"Email":"soumalyabhattacharya6@gmail.com","Name":"Soumalya Bhattacharya","Role":"Individual","Password":"QsCAzX@#$%24680"}
6/5/2021, 7:58:52 pm [::1] (POST) /signup
  {"Email":"soumalyabhattacharya6@gmail.com","Name":"Soumalya Bhattacharya","Role":"Individual","Password":"QsCAzX@#$%24680"}
6/5/2021, 8:03:59 pm [::1] (POST) /signup
  {"Email":"soumalyabhattacharya6@gmail.com","Name":"Soumalya Bhattacharya","Role":"Individual","Password":"QsCAzX@#$%24680"}
6/5/2021, 8:05:35 pm [::1] (POST) /signup
  {"Email":"soumalyabhattacharya6@gmail.com","Name":"Soumalya Bhattacharya","Role":"Individual","Password":"QsCAzX@#$%24680"}
6/5/2021, 8:06:41 pm [::1] (POST) /signup
  {"Email":"soumalyabhattacharya6@gmail.com","Name":"Soumalya Bhattacharya","Role":"Individual","Password":"QsCAzX@#$%24680"}
6/5/2021, 8:08:30 pm [::1] (POST) /signup
  {"Email":"soumalyabhattacharya6@gmail.com","Name":"Soumalya Bhattacharya","Role":"Individual","Password":"QsCAzX@#$%24680"}
6/5/2021, 8:29:40 pm [::1] (POST) /signup
  {"Email":"soumalyabhattacharya6@gmail.com","Name":"Soumalya Bhattacharya","Role":"Individual","Password":"QsCAzX@#$%24680"}
6/5/2021, 9:01:25 pm [::1] (POST) /signup
  {"Email":"soumalyabhattacharya6@gmail.com","Name":"Soumalya Bhattacharya","Role":"Individual","Password":"QsCAzX@#$%24680"}
6/5/2021, 9:19:42 pm [::1] (POST) /signup
  {"Email":"soumalya@gmail.com","Name":"Soumalya Bhattacharya","Role":"Individual","Password":"QsCAzX@#$%24680"}
6/5/2021, 9:20:17 pm [::1] (POST) /signup
  {"Email":"soumalya@gmail.com","Name":"Soumalya Bhattacharya","Role":"Individual","Password":"QsCAzX@#$%24680"}
6/5/2021, 9:25:38 pm [::1] (POST) /signup
  {"Email":"soumalya@gmail.com","Name":"Soumalya Bhattacharya","Role":"Individual","Password":"QsCAzX@#$%24680"}
6/5/2021, 9:25:45 pm [::1] (POST) /signup
  {"Email":"soumalya@gmail.com","Name":"Soumalya Bhattacharya","Role":"Individual","Password":"QsCAzX@#$%24680"}
6/5/2021, 9:27:04 pm [::1] (POST) /signup
  {"Email":"soumalya@gmail.com","Name":"Soumalya Bhattacharya","Role":"Individual","Password":"QsCAzX@#$%24680"}
6/5/2021, 9:27:14 pm [::1] (POST) /signup
  {"Email":"soumalya@gmail.com","Name":"Soumalya Bhattacharya","Role":"Individual","Password":"QsCAzX@#$%24680"}
6/5/2021, 9:30:08 pm [::1] (POST) /signup
  {"Email":"soumalya@gmail.com","Name":"Soumalya Bhattacharya","Role":"Individual","Password":"QsCAzX@#$%24680"}
6/5/2021, 9:30:56 pm [::1] (POST) /signup
  {"Email":"soumalya@gmail.com","Name":"Soumalya Bhattacharya","Role":"Individual","Password":"QsCAzX@#$%24680"}
6/5/2021, 9:31:04 pm [::1] (POST) /signup
  {"Email":"soumalya@gmail.com","Name":"Soumalya Bhattacharya","Role":"Individual","Password":"QsCAzX@#$%24680"}
7/5/2021, 12:30:04 am [::1] (GET) /test
  {"Email":"soumalya@gmail.com","Name":"Soumalya Bhattacharya","Role":"Individual","Password":"QsCAzX@#$%24680"}
7/5/2021, 12:36:51 am [::1] (GET) /test
  {"Email":"soumalya@gmail.com","Name":"Soumalya Bhattacharya","Role":"Individual","Password":"QsCAzX@#$%24680"}
7/5/2021, 12:37:38 am [::1] (GET) /test
  {"Email":"soumalya@gmail.com","Name":"Soumalya Bhattacharya","Role":"Individual","Password":"QsCAzX@#$%24680"}
7/5/2021, 12:39:12 am [::1] (GET) /test
  {"Email":"soumalya@gmail.com","Name":"Soumalya Bhattacharya","Role":"Individual","Password":"QsCAzX@#$%24680"}
7/5/2021, 12:41:37 am [::1] (GET) /test
  {"Email":"soumalya@gmail.com","Name":"Soumalya Bhattacharya","Role":"Individual","Password":"QsCAzX@#$%24680"}
7/5/2021, 12:43:13 am [::1] (GET) /test
  {"Email":"soumalya@gmail.com","Name":"Soumalya Bhattacharya","Role":"Individual","Password":"QsCAzX@#$%24680"}
7/5/2021, 12:44:04 am [::1] (GET) /test
  {"Email":"soumalya@gmail.com","Name":"Soumalya Bhattacharya","Role":"Individual","Password":"QsCAzX@#$%24680"}
7/5/2021, 12:49:24 am [::1] (GET) /test
  {"Email":"soumalya@gmail.com","Name":"Soumalya Bhattacharya","Role":"Individual","Password":"QsCAzX@#$%24680"}
7/5/2021, 12:51:11 am [::1] (GET) /test
  {"Email":"soumalya@gmail.com","Name":"Soumalya Bhattacharya","Role":"Individual","Password":"QsCAzX@#$%24680"}
7/5/2021, 12:51:25 am [::1] (GET) /test
  {"Email":"soumalya@gmail.com","Name":"Soumalya Bhattacharya","Role":"Individual","Password":"QsCAzX@#$%24680"}
7/5/2021, 12:52:20 am [::1] (GET) /test12
7/5/2021, 12:52:38 am [::1] (GET) /
7/5/2021, 12:53:09 am [::1] (GET) /test12
